<?xml version="1.0" encoding="UTF-8"?>
<!-- Generated by org.testng.reporters.JUnitReportReporter -->
<testsuite hostname="AIPLLAP423" failures="0" tests="3" name="e2logy.TestCases.CheckOutTest" time="154.202" errors="0" timestamp="2024-07-25T14:16:04 IST" skipped="0">
  <testcase classname="e2logy.TestCases.CheckOutTest" name="VerifyCheckOutFunctionalitywithNagativeValueTest" time="50.540"/>
  <system-out/>
  <testcase classname="e2logy.TestCases.CheckOutTest" name="VerifyCheckOutFunctionalitywithNagativeValueTest" time="52.877"/>
  <system-out/>
  <testcase classname="e2logy.TestCases.CheckOutTest" name="VerifyCheckOutFunctionalitywithNagativeValueTest" time="50.785"/>
  <system-out/>
</testsuite> <!-- e2logy.TestCases.CheckOutTest -->
