<?xml version="1.0" encoding="UTF-8"?>
<!-- Generated by org.testng.reporters.JUnitReportReporter -->
<testsuite hostname="AIPLLAP423" failures="0" tests="1" name="e2logy.TestCases.HomePageTest" time="22.425" errors="0" timestamp="2024-07-22T15:45:26 IST" skipped="0">
  <testcase classname="e2logy.TestCases.HomePageTest" name="Verify_user_icon" time="22.425"/>
  <system-out/>
</testsuite> <!-- e2logy.TestCases.HomePageTest -->
