<?xml version="1.0" encoding="UTF-8"?>
<!-- Generated by org.testng.reporters.JUnitReportReporter -->
<testsuite hostname="AIPLLAP423" failures="0" tests="1" name="e2logy.TestCases.HomePageTest" time="30.101" errors="0" timestamp="2024-07-25T15:14:58 IST" skipped="0">
  <testcase classname="e2logy.TestCases.HomePageTest" name="Verify_SearchFunctionality" time="30.101"/>
  <system-out/>
</testsuite> <!-- e2logy.TestCases.HomePageTest -->
