<?xml version="1.0" encoding="UTF-8"?>
<!-- Generated by org.testng.reporters.JUnitReportReporter -->
<testsuite hostname="AIPLLAP423" failures="0" tests="1" name="e2logy.TestCases.LoginTest" time="27.705" errors="0" timestamp="2024-07-22T18:33:50 IST" skipped="0">
  <testcase classname="e2logy.TestCases.LoginTest" name="login" time="27.705"/>
  <system-out/>
</testsuite> <!-- e2logy.TestCases.LoginTest -->
