<?xml version="1.0" encoding="UTF-8"?>
<!-- Generated by org.testng.reporters.JUnitReportReporter -->
<testsuite hostname="AIPLLAP423" failures="0" tests="1" name="e2logy.TestCases.SalePageTest" time="43.598" errors="0" timestamp="2024-07-25T10:41:51 IST" skipped="0">
  <testcase classname="e2logy.TestCases.SalePageTest" name="Click_on_Sale_Link" time="43.598"/>
  <system-out/>
</testsuite> <!-- e2logy.TestCases.SalePageTest -->
