<?xml version="1.0" encoding="UTF-8"?>
<!-- Generated by org.testng.reporters.JUnitReportReporter -->
<testsuite hostname="AIPLLAP423" failures="0" tests="1" name="e2logy.TestCases.ProductDetailPageTest" time="5600.612" errors="0" timestamp="2024-07-25T14:09:37 IST" skipped="0">
  <testcase classname="e2logy.TestCases.ProductDetailPageTest" name="Click_on_Addtobag_Button" time="5600.612"/>
  <system-out/>
</testsuite> <!-- e2logy.TestCases.ProductDetailPageTest -->
